# JRE version: OpenJDK Runtime Environment (17.0.6) (build 17.0.6+0-b2043.56-10027231)
# Java VM: OpenJDK 64-Bit Server VM (17.0.6+0-b2043.56-10027231, mixed mode, tiered, compressed oops, compressed class ptrs, g1 gc, windows-amd64)
GC Precious Log:
 CPUs: 8 total, 8 available
 Memory: 12037M
 Large Page Support: Disabled
 NUMA Support: Disabled
 Compressed Oops: Enabled (32-bit)
 Heap Region Size: 1M
 Heap Min Capacity: 8M
 Heap Initial Capacity: 190M
 Heap Max Capacity: 2G
 Pre-touch: Disabled
 Parallel Workers: 8
 Concurrent Workers: 2
 Concurrent Refinement Workers: 8
 Periodic GC: Disabled
Heap:
 garbage-first heap   total 194560K, used 90680K [0x0000000080000000, 0x0000000100000000)
  region size 1024K, 3 young (3072K), 3 survivors (3072K)
 Metaspace       used 95898K, committed 96576K, reserved 1138688K
  class space    used 13223K, committed 13568K, reserved 1048576K
GC Heap History (20 events):
Event: 10.932 GC heap after
{Heap after GC invocations=34 (full 0):
 garbage-first heap   total 121856K, used 68692K [0x0000000080000000, 0x0000000100000000)
  region size 1024K, 1 young (1024K), 1 survivors (1024K)
 Metaspace       used 77701K, committed 78272K, reserved 1122304K
  class space    used 10377K, committed 10624K, reserved 1048576K
}
Event: 10.934 GC heap before
{Heap before GC invocations=34 (full 0):
 garbage-first heap   total 121856K, used 68692K [0x0000000080000000, 0x0000000100000000)
  region size 1024K, 2 young (2048K), 1 survivors (1024K)
 Metaspace       used 77703K, committed 78272K, reserved 1122304K
  class space    used 10377K, committed 10624K, reserved 1048576K
}
Event: 10.936 GC heap after
{Heap after GC invocations=35 (full 0):
 garbage-first heap   total 149504K, used 68673K [0x0000000080000000, 0x0000000100000000)
  region size 1024K, 1 young (1024K), 1 survivors (1024K)
 Metaspace       used 77703K, committed 78272K, reserved 1122304K
  class space    used 10377K, committed 10624K, reserved 1048576K
}
Event: 11.575 GC heap before
{Heap before GC invocations=36 (full 0):
 garbage-first heap   total 149504K, used 111681K [0x0000000080000000, 0x0000000100000000)
  region size 1024K, 42 young (43008K), 1 survivors (1024K)
 Metaspace       used 82498K, committed 83136K, reserved 1122304K
  class space    used 11239K, committed 11520K, reserved 1048576K
}
Event: 11.578 GC heap after
{Heap after GC invocations=37 (full 0):
 garbage-first heap   total 149504K, used 70651K [0x0000000080000000, 0x0000000100000000)
  region size 1024K, 3 young (3072K), 3 survivors (3072K)
 Metaspace       used 82498K, committed 83136K, reserved 1122304K
  class space    used 11239K, committed 11520K, reserved 1048576K
}
Event: 11.637 GC heap before
{Heap before GC invocations=37 (full 0):
 garbage-first heap   total 149504K, used 74747K [0x0000000080000000, 0x0000000100000000)
  region size 1024K, 7 young (7168K), 3 survivors (3072K)
 Metaspace       used 82964K, committed 83584K, reserved 1122304K
  class space    used 11311K, committed 11584K, reserved 1048576K
}
Event: 11.640 GC heap after
{Heap after GC invocations=38 (full 0):
 garbage-first heap   total 149504K, used 70334K [0x0000000080000000, 0x0000000100000000)
  region size 1024K, 1 young (1024K), 1 survivors (1024K)
 Metaspace       used 82964K, committed 83584K, reserved 1122304K
  class space    used 11311K, committed 11584K, reserved 1048576K
}
Event: 12.341 GC heap before
{Heap before GC invocations=38 (full 0):
 garbage-first heap   total 149504K, used 115390K [0x0000000080000000, 0x0000000100000000)
  region size 1024K, 45 young (46080K), 1 survivors (1024K)
 Metaspace       used 87212K, committed 87808K, reserved 1130496K
  class space    used 11919K, committed 12224K, reserved 1048576K
}
Event: 12.346 GC heap after
{Heap after GC invocations=39 (full 0):
 garbage-first heap   total 149504K, used 73853K [0x0000000080000000, 0x0000000100000000)
  region size 1024K, 4 young (4096K), 4 survivors (4096K)
 Metaspace       used 87212K, committed 87808K, reserved 1130496K
  class space    used 11919K, committed 12224K, reserved 1048576K
}
Event: 13.018 GC heap before
{Heap before GC invocations=40 (full 0):
 garbage-first heap   total 149504K, used 117885K [0x0000000080000000, 0x0000000100000000)
  region size 1024K, 47 young (48128K), 4 survivors (4096K)
 Metaspace       used 92503K, committed 93184K, reserved 1130496K
  class space    used 12662K, committed 12992K, reserved 1048576K
}
Event: 13.024 GC heap after
{Heap after GC invocations=41 (full 0):
 garbage-first heap   total 149504K, used 77825K [0x0000000080000000, 0x0000000100000000)
  region size 1024K, 4 young (4096K), 4 survivors (4096K)
 Metaspace       used 92503K, committed 93184K, reserved 1130496K
  class space    used 12662K, committed 12992K, reserved 1048576K
}
Event: 13.061 GC heap before
{Heap before GC invocations=41 (full 0):
 garbage-first heap   total 149504K, used 80897K [0x0000000080000000, 0x0000000100000000)
  region size 1024K, 7 young (7168K), 4 survivors (4096K)
 Metaspace       used 92649K, committed 93312K, reserved 1130496K
  class space    used 12686K, committed 12992K, reserved 1048576K
}
Event: 13.065 GC heap after
{Heap after GC invocations=42 (full 0):
 garbage-first heap   total 149504K, used 78094K [0x0000000080000000, 0x0000000100000000)
  region size 1024K, 1 young (1024K), 1 survivors (1024K)
 Metaspace       used 92649K, committed 93312K, reserved 1130496K
  class space    used 12686K, committed 12992K, reserved 1048576K
}
Event: 13.455 GC heap before
{Heap before GC invocations=42 (full 0):
 garbage-first heap   total 149504K, used 119054K [0x0000000080000000, 0x0000000100000000)
  region size 1024K, 41 young (41984K), 1 survivors (1024K)
 Metaspace       used 93673K, committed 94336K, reserved 1130496K
  class space    used 12820K, committed 13120K, reserved 1048576K
}
Event: 13.462 GC heap after
{Heap after GC invocations=43 (full 0):
 garbage-first heap   total 149504K, used 83069K [0x0000000080000000, 0x0000000100000000)
  region size 1024K, 6 young (6144K), 6 survivors (6144K)
 Metaspace       used 93673K, committed 94336K, reserved 1130496K
  class space    used 12820K, committed 13120K, reserved 1048576K
}
Event: 13.982 GC heap before
{Heap before GC invocations=44 (full 0):
 garbage-first heap   total 153600K, used 119933K [0x0000000080000000, 0x0000000100000000)
  region size 1024K, 42 young (43008K), 6 survivors (6144K)
 Metaspace       used 95170K, committed 95808K, reserved 1138688K
  class space    used 13070K, committed 13376K, reserved 1048576K
}
Event: 13.992 GC heap after
{Heap after GC invocations=45 (full 0):
 garbage-first heap   total 153600K, used 88178K [0x0000000080000000, 0x0000000100000000)
  region size 1024K, 6 young (6144K), 6 survivors (6144K)
 Metaspace       used 95170K, committed 95808K, reserved 1138688K
  class space    used 13070K, committed 13376K, reserved 1048576K
}
Event: 14.015 GC heap before
{Heap before GC invocations=45 (full 0):
 garbage-first heap   total 153600K, used 89202K [0x0000000080000000, 0x0000000100000000)
  region size 1024K, 7 young (7168K), 6 survivors (6144K)
 Metaspace       used 95253K, committed 95872K, reserved 1138688K
  class space    used 13083K, committed 13376K, reserved 1048576K
}
Event: 14.020 GC heap after
{Heap after GC invocations=46 (full 0):
 garbage-first heap   total 153600K, used 88911K [0x0000000080000000, 0x0000000100000000)
  region size 1024K, 1 young (1024K), 1 survivors (1024K)
 Metaspace       used 95253K, committed 95872K, reserved 1138688K
  class space    used 13083K, committed 13376K, reserved 1048576K
}
Event: 14.390 GC heap before
{Heap before GC invocations=46 (full 0):
 garbage-first heap   total 153600K, used 123727K [0x0000000080000000, 0x0000000100000000)
  region size 1024K, 36 young (36864K), 1 survivors (1024K)
 Metaspace       used 95898K, committed 96576K, reserved 1138688K
  class space    used 13223K, committed 13568K, reserved 1048576K
}

