# JRE version: OpenJDK Runtime Environment (17.0.6) (build 17.0.6+0-b2043.56-10027231)
# Java VM: OpenJDK 64-Bit Server VM (17.0.6+0-b2043.56-10027231, mixed mode, tiered, compressed oops, compressed class ptrs, g1 gc, windows-amd64)
GC Precious Log:
 CPUs: 8 total, 8 available
 Memory: 12037M
 Large Page Support: Disabled
 NUMA Support: Disabled
 Compressed Oops: Enabled (32-bit)
 Heap Region Size: 1M
 Heap Min Capacity: 8M
 Heap Initial Capacity: 190M
 Heap Max Capacity: 2G
 Pre-touch: Disabled
 Parallel Workers: 8
 Concurrent Workers: 2
 Concurrent Refinement Workers: 8
 Periodic GC: Disabled
Heap:
 garbage-first heap   total 253952K, used 189849K [0x0000000080000000, 0x0000000100000000)
  region size 1024K, 21 young (21504K), 4 survivors (4096K)
 Metaspace       used 144508K, committed 145664K, reserved 1179648K
  class space    used 19858K, committed 20416K, reserved 1048576K
GC Heap History (20 events):
Event: 69.355 GC heap before
{Heap before GC invocations=40 (full 0):
 garbage-first heap   total 209920K, used 183587K [0x0000000080000000, 0x0000000100000000)
  region size 1024K, 54 young (55296K), 4 survivors (4096K)
 Metaspace       used 133561K, committed 134464K, reserved 1171456K
  class space    used 18642K, committed 19072K, reserved 1048576K
}
Event: 69.363 GC heap after
{Heap after GC invocations=41 (full 0):
 garbage-first heap   total 209920K, used 125642K [0x0000000080000000, 0x0000000100000000)
  region size 1024K, 4 young (4096K), 4 survivors (4096K)
 Metaspace       used 133561K, committed 134464K, reserved 1171456K
  class space    used 18642K, committed 19072K, reserved 1048576K
}
Event: 70.354 GC heap before
{Heap before GC invocations=41 (full 0):
 garbage-first heap   total 209920K, used 173770K [0x0000000080000000, 0x0000000100000000)
  region size 1024K, 52 young (53248K), 4 survivors (4096K)
 Metaspace       used 134073K, committed 134976K, reserved 1171456K
  class space    used 18658K, committed 19072K, reserved 1048576K
}
Event: 70.365 GC heap after
{Heap after GC invocations=42 (full 0):
 garbage-first heap   total 209920K, used 131978K [0x0000000080000000, 0x0000000100000000)
  region size 1024K, 7 young (7168K), 7 survivors (7168K)
 Metaspace       used 134073K, committed 134976K, reserved 1171456K
  class space    used 18658K, committed 19072K, reserved 1048576K
}
Event: 335.993 GC heap before
{Heap before GC invocations=42 (full 0):
 garbage-first heap   total 209920K, used 184202K [0x0000000080000000, 0x0000000100000000)
  region size 1024K, 49 young (50176K), 7 survivors (7168K)
 Metaspace       used 134487K, committed 135424K, reserved 1171456K
  class space    used 18690K, committed 19136K, reserved 1048576K
}
Event: 336.002 GC heap after
{Heap after GC invocations=43 (full 0):
 garbage-first heap   total 209920K, used 133934K [0x0000000080000000, 0x0000000100000000)
  region size 1024K, 3 young (3072K), 3 survivors (3072K)
 Metaspace       used 134487K, committed 135424K, reserved 1171456K
  class space    used 18690K, committed 19136K, reserved 1048576K
}
Event: 336.593 GC heap before
{Heap before GC invocations=43 (full 0):
 garbage-first heap   total 209920K, used 175918K [0x0000000080000000, 0x0000000100000000)
  region size 1024K, 44 young (45056K), 3 survivors (3072K)
 Metaspace       used 134768K, committed 135744K, reserved 1171456K
  class space    used 18698K, committed 19136K, reserved 1048576K
}
Event: 336.601 GC heap after
{Heap after GC invocations=44 (full 0):
 garbage-first heap   total 209920K, used 139180K [0x0000000080000000, 0x0000000100000000)
  region size 1024K, 6 young (6144K), 6 survivors (6144K)
 Metaspace       used 134768K, committed 135744K, reserved 1171456K
  class space    used 18698K, committed 19136K, reserved 1048576K
}
Event: 337.206 GC heap before
{Heap before GC invocations=44 (full 0):
 garbage-first heap   total 209920K, used 177068K [0x0000000080000000, 0x0000000100000000)
  region size 1024K, 42 young (43008K), 6 survivors (6144K)
 Metaspace       used 137100K, committed 138048K, reserved 1171456K
  class space    used 18992K, committed 19456K, reserved 1048576K
}
Event: 337.221 GC heap after
{Heap after GC invocations=45 (full 0):
 garbage-first heap   total 209920K, used 156162K [0x0000000080000000, 0x0000000100000000)
  region size 1024K, 6 young (6144K), 6 survivors (6144K)
 Metaspace       used 137100K, committed 138048K, reserved 1171456K
  class space    used 18992K, committed 19456K, reserved 1048576K
}
Event: 337.470 GC heap before
{Heap before GC invocations=45 (full 0):
 garbage-first heap   total 209920K, used 170498K [0x0000000080000000, 0x0000000100000000)
  region size 1024K, 21 young (21504K), 6 survivors (6144K)
 Metaspace       used 138251K, committed 139264K, reserved 1171456K
  class space    used 19145K, committed 19648K, reserved 1048576K
}
Event: 337.476 GC heap after
{Heap after GC invocations=46 (full 0):
 garbage-first heap   total 253952K, used 158490K [0x0000000080000000, 0x0000000100000000)
  region size 1024K, 2 young (2048K), 2 survivors (2048K)
 Metaspace       used 138251K, committed 139264K, reserved 1171456K
  class space    used 19145K, committed 19648K, reserved 1048576K
}
Event: 338.338 GC heap before
{Heap before GC invocations=46 (full 0):
 garbage-first heap   total 253952K, used 219930K [0x0000000080000000, 0x0000000100000000)
  region size 1024K, 46 young (47104K), 2 survivors (2048K)
 Metaspace       used 142263K, committed 143296K, reserved 1179648K
  class space    used 19584K, committed 20096K, reserved 1048576K
}
Event: 338.346 GC heap after
{Heap after GC invocations=47 (full 0):
 garbage-first heap   total 253952K, used 162763K [0x0000000080000000, 0x0000000100000000)
  region size 1024K, 6 young (6144K), 6 survivors (6144K)
 Metaspace       used 142263K, committed 143296K, reserved 1179648K
  class space    used 19584K, committed 20096K, reserved 1048576K
}
Event: 350.045 GC heap before
{Heap before GC invocations=47 (full 0):
 garbage-first heap   total 253952K, used 204747K [0x0000000080000000, 0x0000000100000000)
  region size 1024K, 48 young (49152K), 6 survivors (6144K)
 Metaspace       used 144088K, committed 145088K, reserved 1179648K
  class space    used 19817K, committed 20288K, reserved 1048576K
}
Event: 350.051 GC heap after
{Heap after GC invocations=48 (full 0):
 garbage-first heap   total 253952K, used 164377K [0x0000000080000000, 0x0000000100000000)
  region size 1024K, 3 young (3072K), 3 survivors (3072K)
 Metaspace       used 144088K, committed 145088K, reserved 1179648K
  class space    used 19817K, committed 20288K, reserved 1048576K
}
Event: 350.449 GC heap before
{Heap before GC invocations=48 (full 0):
 garbage-first heap   total 253952K, used 208409K [0x0000000080000000, 0x0000000100000000)
  region size 1024K, 46 young (47104K), 3 survivors (3072K)
 Metaspace       used 144323K, committed 145472K, reserved 1179648K
  class space    used 19838K, committed 20352K, reserved 1048576K
}
Event: 350.458 GC heap after
{Heap after GC invocations=49 (full 0):
 garbage-first heap   total 253952K, used 170085K [0x0000000080000000, 0x0000000100000000)
  region size 1024K, 6 young (6144K), 6 survivors (6144K)
 Metaspace       used 144323K, committed 145472K, reserved 1179648K
  class space    used 19838K, committed 20352K, reserved 1048576K
}
Event: 365.440 GC heap before
{Heap before GC invocations=49 (full 0):
 garbage-first heap   total 253952K, used 208997K [0x0000000080000000, 0x0000000100000000)
  region size 1024K, 45 young (46080K), 6 survivors (6144K)
 Metaspace       used 144467K, committed 145664K, reserved 1179648K
  class space    used 19856K, committed 20416K, reserved 1048576K
}
Event: 365.449 GC heap after
{Heap after GC invocations=50 (full 0):
 garbage-first heap   total 253952K, used 173465K [0x0000000080000000, 0x0000000100000000)
  region size 1024K, 4 young (4096K), 4 survivors (4096K)
 Metaspace       used 144467K, committed 145664K, reserved 1179648K
  class space    used 19856K, committed 20416K, reserved 1048576K
}

