# JRE version: OpenJDK Runtime Environment (17.0.6) (build 17.0.6+0-b2043.56-10027231)
# Java VM: OpenJDK 64-Bit Server VM (17.0.6+0-b2043.56-10027231, mixed mode, tiered, compressed oops, compressed class ptrs, g1 gc, windows-amd64)
GC Precious Log:
 CPUs: 8 total, 8 available
 Memory: 12037M
 Large Page Support: Disabled
 NUMA Support: Disabled
 Compressed Oops: Enabled (32-bit)
 Heap Region Size: 1M
 Heap Min Capacity: 8M
 Heap Initial Capacity: 190M
 Heap Max Capacity: 2G
 Pre-touch: Disabled
 Parallel Workers: 8
 Concurrent Workers: 2
 Concurrent Refinement Workers: 8
 Periodic GC: Disabled
Heap:
 garbage-first heap   total 254976K, used 130703K [0x0000000080000000, 0x0000000100000000)
  region size 1024K, 2 young (2048K), 2 survivors (2048K)
 Metaspace       used 104550K, committed 105280K, reserved 1146880K
  class space    used 14119K, committed 14464K, reserved 1048576K
GC Heap History (20 events):
Event: 15.499 GC heap after
{Heap after GC invocations=44 (full 0):
 garbage-first heap   total 162816K, used 93438K [0x0000000080000000, 0x0000000100000000)
  region size 1024K, 2 young (2048K), 2 survivors (2048K)
 Metaspace       used 95894K, committed 96640K, reserved 1138688K
  class space    used 13180K, committed 13504K, reserved 1048576K
}
Event: 15.565 GC heap before
{Heap before GC invocations=44 (full 0):
 garbage-first heap   total 162816K, used 97534K [0x0000000080000000, 0x0000000100000000)
  region size 1024K, 7 young (7168K), 2 survivors (2048K)
 Metaspace       used 95997K, committed 96704K, reserved 1138688K
  class space    used 13188K, committed 13504K, reserved 1048576K
}
Event: 15.568 GC heap after
{Heap after GC invocations=45 (full 0):
 garbage-first heap   total 195584K, used 94066K [0x0000000080000000, 0x0000000100000000)
  region size 1024K, 1 young (1024K), 1 survivors (1024K)
 Metaspace       used 95997K, committed 96704K, reserved 1138688K
  class space    used 13188K, committed 13504K, reserved 1048576K
}
Event: 15.720 GC heap before
{Heap before GC invocations=45 (full 0):
 garbage-first heap   total 195584K, used 103282K [0x0000000080000000, 0x0000000100000000)
  region size 1024K, 12 young (12288K), 1 survivors (1024K)
 Metaspace       used 96462K, committed 97152K, reserved 1138688K
  class space    used 13270K, committed 13568K, reserved 1048576K
}
Event: 15.723 GC heap after
{Heap after GC invocations=46 (full 0):
 garbage-first heap   total 195584K, used 94889K [0x0000000080000000, 0x0000000100000000)
  region size 1024K, 2 young (2048K), 2 survivors (2048K)
 Metaspace       used 96462K, committed 97152K, reserved 1138688K
  class space    used 13270K, committed 13568K, reserved 1048576K
}
Event: 17.371 GC heap before
{Heap before GC invocations=47 (full 0):
 garbage-first heap   total 195584K, used 166569K [0x0000000080000000, 0x0000000100000000)
  region size 1024K, 63 young (64512K), 2 survivors (2048K)
 Metaspace       used 99852K, committed 100608K, reserved 1138688K
  class space    used 13577K, committed 13952K, reserved 1048576K
}
Event: 17.388 GC heap after
{Heap after GC invocations=48 (full 0):
 garbage-first heap   total 195584K, used 118662K [0x0000000080000000, 0x0000000100000000)
  region size 1024K, 8 young (8192K), 8 survivors (8192K)
 Metaspace       used 99852K, committed 100608K, reserved 1138688K
  class space    used 13577K, committed 13952K, reserved 1048576K
}
Event: 17.632 GC heap before
{Heap before GC invocations=48 (full 0):
 garbage-first heap   total 195584K, used 119686K [0x0000000080000000, 0x0000000100000000)
  region size 1024K, 9 young (9216K), 8 survivors (8192K)
 Metaspace       used 99970K, committed 100672K, reserved 1138688K
  class space    used 13591K, committed 13952K, reserved 1048576K
}
Event: 17.642 GC heap after
{Heap after GC invocations=49 (full 0):
 garbage-first heap   total 195584K, used 120325K [0x0000000080000000, 0x0000000100000000)
  region size 1024K, 1 young (1024K), 1 survivors (1024K)
 Metaspace       used 99970K, committed 100672K, reserved 1138688K
  class space    used 13591K, committed 13952K, reserved 1048576K
}
Event: 18.163 GC heap before
{Heap before GC invocations=49 (full 0):
 garbage-first heap   total 195584K, used 130565K [0x0000000080000000, 0x0000000100000000)
  region size 1024K, 13 young (13312K), 1 survivors (1024K)
 Metaspace       used 100365K, committed 101056K, reserved 1138688K
  class space    used 13629K, committed 13952K, reserved 1048576K
}
Event: 18.167 GC heap after
{Heap after GC invocations=50 (full 0):
 garbage-first heap   total 195584K, used 121494K [0x0000000080000000, 0x0000000100000000)
  region size 1024K, 2 young (2048K), 2 survivors (2048K)
 Metaspace       used 100365K, committed 101056K, reserved 1138688K
  class space    used 13629K, committed 13952K, reserved 1048576K
}
Event: 19.846 GC heap before
{Heap before GC invocations=51 (full 0):
 garbage-first heap   total 209920K, used 162454K [0x0000000080000000, 0x0000000100000000)
  region size 1024K, 34 young (34816K), 2 survivors (2048K)
 Metaspace       used 102734K, committed 103424K, reserved 1138688K
  class space    used 13950K, committed 14336K, reserved 1048576K
}
Event: 19.853 GC heap after
{Heap after GC invocations=52 (full 0):
 garbage-first heap   total 209920K, used 125094K [0x0000000080000000, 0x0000000100000000)
  region size 1024K, 5 young (5120K), 5 survivors (5120K)
 Metaspace       used 102734K, committed 103424K, reserved 1138688K
  class space    used 13950K, committed 14336K, reserved 1048576K
}
Event: 19.912 GC heap before
{Heap before GC invocations=52 (full 0):
 garbage-first heap   total 209920K, used 130214K [0x0000000080000000, 0x0000000100000000)
  region size 1024K, 10 young (10240K), 5 survivors (5120K)
 Metaspace       used 102739K, committed 103424K, reserved 1138688K
  class space    used 13950K, committed 14336K, reserved 1048576K
}
Event: 19.919 GC heap after
{Heap after GC invocations=53 (full 0):
 garbage-first heap   total 209920K, used 125214K [0x0000000080000000, 0x0000000100000000)
  region size 1024K, 1 young (1024K), 1 survivors (1024K)
 Metaspace       used 102739K, committed 103424K, reserved 1138688K
  class space    used 13950K, committed 14336K, reserved 1048576K
}
Event: 20.076 GC heap before
{Heap before GC invocations=53 (full 0):
 garbage-first heap   total 209920K, used 131358K [0x0000000080000000, 0x0000000100000000)
  region size 1024K, 9 young (9216K), 1 survivors (1024K)
 Metaspace       used 102811K, committed 103552K, reserved 1138688K
  class space    used 13959K, committed 14336K, reserved 1048576K
}
Event: 20.080 GC heap after
{Heap after GC invocations=54 (full 0):
 garbage-first heap   total 209920K, used 130295K [0x0000000080000000, 0x0000000100000000)
  region size 1024K, 6 young (6144K), 6 survivors (6144K)
 Metaspace       used 102811K, committed 103552K, reserved 1138688K
  class space    used 13959K, committed 14336K, reserved 1048576K
}
Event: 20.442 GC heap before
{Heap before GC invocations=55 (full 0):
 garbage-first heap   total 254976K, used 180471K [0x0000000080000000, 0x0000000100000000)
  region size 1024K, 39 young (39936K), 6 survivors (6144K)
 Metaspace       used 103891K, committed 104576K, reserved 1146880K
  class space    used 14069K, committed 14400K, reserved 1048576K
}
Event: 20.447 GC heap after
{Heap after GC invocations=56 (full 0):
 garbage-first heap   total 254976K, used 130179K [0x0000000080000000, 0x0000000100000000)
  region size 1024K, 5 young (5120K), 5 survivors (5120K)
 Metaspace       used 103891K, committed 104576K, reserved 1146880K
  class space    used 14069K, committed 14400K, reserved 1048576K
}
Event: 20.530 GC heap before
{Heap before GC invocations=56 (full 0):
 garbage-first heap   total 254976K, used 136323K [0x0000000080000000, 0x0000000100000000)
  region size 1024K, 12 young (12288K), 5 survivors (5120K)
 Metaspace       used 104550K, committed 105280K, reserved 1146880K
  class space    used 14119K, committed 14464K, reserved 1048576K
}

