# JRE version: OpenJDK Runtime Environment (17.0.6) (build 17.0.6+0-b2043.56-10027231)
# Java VM: OpenJDK 64-Bit Server VM (17.0.6+0-b2043.56-10027231, mixed mode, tiered, compressed oops, compressed class ptrs, g1 gc, windows-amd64)
GC Precious Log:
 CPUs: 8 total, 8 available
 Memory: 12037M
 Large Page Support: Disabled
 NUMA Support: Disabled
 Compressed Oops: Enabled (32-bit)
 Heap Region Size: 1M
 Heap Min Capacity: 8M
 Heap Initial Capacity: 190M
 Heap Max Capacity: 2G
 Pre-touch: Disabled
 Parallel Workers: 8
 Concurrent Workers: 2
 Concurrent Refinement Workers: 8
 Periodic GC: Disabled
Heap:
 garbage-first heap   total 276480K, used 221967K [0x0000000080000000, 0x0000000100000000)
  region size 1024K, 147 young (150528K), 4 survivors (4096K)
 Metaspace       used 96178K, committed 96896K, reserved 1138688K
  class space    used 13229K, committed 13568K, reserved 1048576K
GC Heap History (20 events):
Event: 5.938 GC heap before
{Heap before GC invocations=25 (full 0):
 garbage-first heap   total 117760K, used 80374K [0x0000000080000000, 0x0000000100000000)
  region size 1024K, 21 young (21504K), 3 survivors (3072K)
 Metaspace       used 64914K, committed 65472K, reserved 1105920K
  class space    used 8635K, committed 8832K, reserved 1048576K
}
Event: 5.942 GC heap after
{Heap after GC invocations=26 (full 0):
 garbage-first heap   total 117760K, used 58328K [0x0000000080000000, 0x0000000100000000)
  region size 1024K, 3 young (3072K), 3 survivors (3072K)
 Metaspace       used 64914K, committed 65472K, reserved 1105920K
  class space    used 8635K, committed 8832K, reserved 1048576K
}
Event: 6.214 GC heap before
{Heap before GC invocations=26 (full 0):
 garbage-first heap   total 117760K, used 85976K [0x0000000080000000, 0x0000000100000000)
  region size 1024K, 30 young (30720K), 3 survivors (3072K)
 Metaspace       used 67457K, committed 68032K, reserved 1114112K
  class space    used 8948K, committed 9216K, reserved 1048576K
}
Event: 6.216 GC heap after
{Heap after GC invocations=27 (full 0):
 garbage-first heap   total 117760K, used 60197K [0x0000000080000000, 0x0000000100000000)
  region size 1024K, 3 young (3072K), 3 survivors (3072K)
 Metaspace       used 67457K, committed 68032K, reserved 1114112K
  class space    used 8948K, committed 9216K, reserved 1048576K
}
Event: 6.578 GC heap before
{Heap before GC invocations=28 (full 0):
 garbage-first heap   total 117760K, used 87845K [0x0000000080000000, 0x0000000100000000)
  region size 1024K, 30 young (30720K), 3 survivors (3072K)
 Metaspace       used 70395K, committed 70976K, reserved 1114112K
  class space    used 9394K, committed 9664K, reserved 1048576K
}
Event: 6.582 GC heap after
{Heap after GC invocations=29 (full 0):
 garbage-first heap   total 117760K, used 61982K [0x0000000080000000, 0x0000000100000000)
  region size 1024K, 4 young (4096K), 4 survivors (4096K)
 Metaspace       used 70395K, committed 70976K, reserved 1114112K
  class space    used 9394K, committed 9664K, reserved 1048576K
}
Event: 6.592 GC heap before
{Heap before GC invocations=29 (full 0):
 garbage-first heap   total 117760K, used 61982K [0x0000000080000000, 0x0000000100000000)
  region size 1024K, 5 young (5120K), 4 survivors (4096K)
 Metaspace       used 70513K, committed 71104K, reserved 1114112K
  class space    used 9412K, committed 9664K, reserved 1048576K
}
Event: 6.594 GC heap after
{Heap after GC invocations=30 (full 0):
 garbage-first heap   total 141312K, used 62515K [0x0000000080000000, 0x0000000100000000)
  region size 1024K, 1 young (1024K), 1 survivors (1024K)
 Metaspace       used 70513K, committed 71104K, reserved 1114112K
  class space    used 9412K, committed 9664K, reserved 1048576K
}
Event: 6.958 GC heap before
{Heap before GC invocations=30 (full 0):
 garbage-first heap   total 141312K, used 104499K [0x0000000080000000, 0x0000000100000000)
  region size 1024K, 42 young (43008K), 1 survivors (1024K)
 Metaspace       used 75318K, committed 75904K, reserved 1122304K
  class space    used 10065K, committed 10368K, reserved 1048576K
}
Event: 6.961 GC heap after
{Heap after GC invocations=31 (full 0):
 garbage-first heap   total 141312K, used 65139K [0x0000000080000000, 0x0000000100000000)
  region size 1024K, 4 young (4096K), 4 survivors (4096K)
 Metaspace       used 75318K, committed 75904K, reserved 1122304K
  class space    used 10065K, committed 10368K, reserved 1048576K
}
Event: 7.383 GC heap before
{Heap before GC invocations=31 (full 0):
 garbage-first heap   total 141312K, used 108147K [0x0000000080000000, 0x0000000100000000)
  region size 1024K, 46 young (47104K), 4 survivors (4096K)
 Metaspace       used 78311K, committed 78912K, reserved 1122304K
  class space    used 10453K, committed 10752K, reserved 1048576K
}
Event: 7.388 GC heap after
{Heap after GC invocations=32 (full 0):
 garbage-first heap   total 141312K, used 67975K [0x0000000080000000, 0x0000000100000000)
  region size 1024K, 3 young (3072K), 3 survivors (3072K)
 Metaspace       used 78311K, committed 78912K, reserved 1122304K
  class space    used 10453K, committed 10752K, reserved 1048576K
}
Event: 7.927 GC heap before
{Heap before GC invocations=32 (full 0):
 garbage-first heap   total 141312K, used 109959K [0x0000000080000000, 0x0000000100000000)
  region size 1024K, 44 young (45056K), 3 survivors (3072K)
 Metaspace       used 83218K, committed 83840K, reserved 1122304K
  class space    used 11343K, committed 11648K, reserved 1048576K
}
Event: 7.931 GC heap after
{Heap after GC invocations=33 (full 0):
 garbage-first heap   total 141312K, used 70438K [0x0000000080000000, 0x0000000100000000)
  region size 1024K, 6 young (6144K), 6 survivors (6144K)
 Metaspace       used 83218K, committed 83840K, reserved 1122304K
  class space    used 11343K, committed 11648K, reserved 1048576K
}
Event: 8.454 GC heap before
{Heap before GC invocations=34 (full 0):
 garbage-first heap   total 141312K, used 112422K [0x0000000080000000, 0x0000000100000000)
  region size 1024K, 47 young (48128K), 6 survivors (6144K)
 Metaspace       used 87180K, committed 87808K, reserved 1130496K
  class space    used 11919K, committed 12224K, reserved 1048576K
}
Event: 8.460 GC heap after
{Heap after GC invocations=35 (full 0):
 garbage-first heap   total 141312K, used 73874K [0x0000000080000000, 0x0000000100000000)
  region size 1024K, 6 young (6144K), 6 survivors (6144K)
 Metaspace       used 87180K, committed 87808K, reserved 1130496K
  class space    used 11919K, committed 12224K, reserved 1048576K
}
Event: 8.470 GC heap before
{Heap before GC invocations=35 (full 0):
 garbage-first heap   total 141312K, used 74898K [0x0000000080000000, 0x0000000100000000)
  region size 1024K, 7 young (7168K), 6 survivors (6144K)
 Metaspace       used 87293K, committed 87872K, reserved 1130496K
  class space    used 11948K, committed 12224K, reserved 1048576K
}
Event: 8.474 GC heap after
{Heap after GC invocations=36 (full 0):
 garbage-first heap   total 141312K, used 74148K [0x0000000080000000, 0x0000000100000000)
  region size 1024K, 1 young (1024K), 1 survivors (1024K)
 Metaspace       used 87293K, committed 87872K, reserved 1130496K
  class space    used 11948K, committed 12224K, reserved 1048576K
}
Event: 8.940 GC heap before
{Heap before GC invocations=36 (full 0):
 garbage-first heap   total 141312K, used 114084K [0x0000000080000000, 0x0000000100000000)
  region size 1024K, 40 young (40960K), 1 survivors (1024K)
 Metaspace       used 92383K, committed 92992K, reserved 1130496K
  class space    used 12647K, committed 12928K, reserved 1048576K
}
Event: 8.945 GC heap after
{Heap after GC invocations=37 (full 0):
 garbage-first heap   total 283648K, used 76559K [0x0000000080000000, 0x0000000100000000)
  region size 1024K, 4 young (4096K), 4 survivors (4096K)
 Metaspace       used 92383K, committed 92992K, reserved 1130496K
  class space    used 12647K, committed 12928K, reserved 1048576K
}

