# JRE version: OpenJDK Runtime Environment (17.0.6) (build 17.0.6+0-b2043.56-10027231)
# Java VM: OpenJDK 64-Bit Server VM (17.0.6+0-b2043.56-10027231, mixed mode, tiered, compressed oops, compressed class ptrs, g1 gc, windows-amd64)
GC Precious Log:
 CPUs: 8 total, 8 available
 Memory: 12037M
 Large Page Support: Disabled
 NUMA Support: Disabled
 Compressed Oops: Enabled (32-bit)
 Heap Region Size: 1M
 Heap Min Capacity: 8M
 Heap Initial Capacity: 190M
 Heap Max Capacity: 2G
 Pre-touch: Disabled
 Parallel Workers: 8
 Concurrent Workers: 2
 Concurrent Refinement Workers: 8
 Periodic GC: Disabled
Heap:
 garbage-first heap   total 318464K, used 140887K [0x0000000080000000, 0x0000000100000000)
  region size 1024K, 6 young (6144K), 6 survivors (6144K)
 Metaspace       used 155530K, committed 156608K, reserved 1187840K
  class space    used 20894K, committed 21440K, reserved 1048576K
GC Heap History (20 events):
Event: 221.683 GC heap after
{Heap after GC invocations=70 (full 0):
 garbage-first heap   total 318464K, used 133154K [0x0000000080000000, 0x0000000100000000)
  region size 1024K, 2 young (2048K), 2 survivors (2048K)
 Metaspace       used 146020K, committed 147008K, reserved 1179648K
  class space    used 19761K, committed 20224K, reserved 1048576K
}
Event: 221.768 GC heap before
{Heap before GC invocations=70 (full 0):
 garbage-first heap   total 318464K, used 140322K [0x0000000080000000, 0x0000000100000000)
  region size 1024K, 11 young (11264K), 2 survivors (2048K)
 Metaspace       used 146062K, committed 147072K, reserved 1179648K
  class space    used 19763K, committed 20224K, reserved 1048576K
}
Event: 221.770 GC heap after
{Heap after GC invocations=71 (full 0):
 garbage-first heap   total 318464K, used 133251K [0x0000000080000000, 0x0000000100000000)
  region size 1024K, 2 young (2048K), 2 survivors (2048K)
 Metaspace       used 146062K, committed 147072K, reserved 1179648K
  class space    used 19763K, committed 20224K, reserved 1048576K
}
Event: 1610.213 GC heap before
{Heap before GC invocations=72 (full 0):
 garbage-first heap   total 318464K, used 249987K [0x0000000080000000, 0x0000000100000000)
  region size 1024K, 105 young (107520K), 2 survivors (2048K)
 Metaspace       used 146542K, committed 147584K, reserved 1179648K
  class space    used 19794K, committed 20288K, reserved 1048576K
}
Event: 1610.220 GC heap after
{Heap after GC invocations=73 (full 0):
 garbage-first heap   total 318464K, used 142543K [0x0000000080000000, 0x0000000100000000)
  region size 1024K, 9 young (9216K), 9 survivors (9216K)
 Metaspace       used 146542K, committed 147584K, reserved 1179648K
  class space    used 19794K, committed 20288K, reserved 1048576K
}
Event: 1610.237 GC heap before
{Heap before GC invocations=73 (full 0):
 garbage-first heap   total 318464K, used 147663K [0x0000000080000000, 0x0000000100000000)
  region size 1024K, 15 young (15360K), 9 survivors (9216K)
 Metaspace       used 146543K, committed 147584K, reserved 1179648K
  class space    used 19794K, committed 20288K, reserved 1048576K
}
Event: 1610.251 GC heap after
{Heap after GC invocations=74 (full 0):
 garbage-first heap   total 318464K, used 144756K [0x0000000080000000, 0x0000000100000000)
  region size 1024K, 2 young (2048K), 2 survivors (2048K)
 Metaspace       used 146543K, committed 147584K, reserved 1179648K
  class space    used 19794K, committed 20288K, reserved 1048576K
}
Event: 1610.373 GC heap before
{Heap before GC invocations=74 (full 0):
 garbage-first heap   total 318464K, used 177524K [0x0000000080000000, 0x0000000100000000)
  region size 1024K, 35 young (35840K), 2 survivors (2048K)
 Metaspace       used 146579K, committed 147584K, reserved 1179648K
  class space    used 19794K, committed 20288K, reserved 1048576K
}
Event: 1610.381 GC heap after
{Heap after GC invocations=75 (full 0):
 garbage-first heap   total 318464K, used 162816K [0x0000000080000000, 0x0000000100000000)
  region size 1024K, 13 young (13312K), 13 survivors (13312K)
 Metaspace       used 146579K, committed 147584K, reserved 1179648K
  class space    used 19794K, committed 20288K, reserved 1048576K
}
Event: 1611.366 GC heap before
{Heap before GC invocations=76 (full 0):
 garbage-first heap   total 318464K, used 238592K [0x0000000080000000, 0x0000000100000000)
  region size 1024K, 73 young (74752K), 13 survivors (13312K)
 Metaspace       used 146769K, committed 147840K, reserved 1179648K
  class space    used 19810K, committed 20288K, reserved 1048576K
}
Event: 1611.377 GC heap after
{Heap after GC invocations=77 (full 0):
 garbage-first heap   total 318464K, used 165363K [0x0000000080000000, 0x0000000100000000)
  region size 1024K, 5 young (5120K), 5 survivors (5120K)
 Metaspace       used 146769K, committed 147840K, reserved 1179648K
  class space    used 19810K, committed 20288K, reserved 1048576K
}
Event: 1611.396 GC heap before
{Heap before GC invocations=77 (full 0):
 garbage-first heap   total 318464K, used 174579K [0x0000000080000000, 0x0000000100000000)
  region size 1024K, 15 young (15360K), 5 survivors (5120K)
 Metaspace       used 146778K, committed 147840K, reserved 1179648K
  class space    used 19811K, committed 20288K, reserved 1048576K
}
Event: 1611.403 GC heap after
{Heap after GC invocations=78 (full 0):
 garbage-first heap   total 318464K, used 157228K [0x0000000080000000, 0x0000000100000000)
  region size 1024K, 2 young (2048K), 2 survivors (2048K)
 Metaspace       used 146778K, committed 147840K, reserved 1179648K
  class space    used 19811K, committed 20288K, reserved 1048576K
}
Event: 1614.216 GC heap before
{Heap before GC invocations=78 (full 0):
 garbage-first heap   total 318464K, used 227884K [0x0000000080000000, 0x0000000100000000)
  region size 1024K, 71 young (72704K), 2 survivors (2048K)
 Metaspace       used 146865K, committed 147904K, reserved 1179648K
  class space    used 19812K, committed 20288K, reserved 1048576K
}
Event: 1614.218 GC heap after
{Heap after GC invocations=79 (full 0):
 garbage-first heap   total 318464K, used 156563K [0x0000000080000000, 0x0000000100000000)
  region size 1024K, 1 young (1024K), 1 survivors (1024K)
 Metaspace       used 146865K, committed 147904K, reserved 1179648K
  class space    used 19812K, committed 20288K, reserved 1048576K
}
Event: 1615.127 GC heap before
{Heap before GC invocations=80 (full 0):
 garbage-first heap   total 318464K, used 219027K [0x0000000080000000, 0x0000000100000000)
  region size 1024K, 78 young (79872K), 1 survivors (1024K)
 Metaspace       used 155345K, committed 156480K, reserved 1187840K
  class space    used 20892K, committed 21440K, reserved 1048576K
}
Event: 1615.133 GC heap after
{Heap after GC invocations=81 (full 0):
 garbage-first heap   total 318464K, used 142950K [0x0000000080000000, 0x0000000100000000)
  region size 1024K, 5 young (5120K), 5 survivors (5120K)
 Metaspace       used 155345K, committed 156480K, reserved 1187840K
  class space    used 20892K, committed 21440K, reserved 1048576K
}
Event: 1615.157 GC heap before
{Heap before GC invocations=81 (full 0):
 garbage-first heap   total 318464K, used 152166K [0x0000000080000000, 0x0000000100000000)
  region size 1024K, 15 young (15360K), 5 survivors (5120K)
 Metaspace       used 155376K, committed 156480K, reserved 1187840K
  class space    used 20892K, committed 21440K, reserved 1048576K
}
Event: 1615.163 GC heap after
{Heap after GC invocations=82 (full 0):
 garbage-first heap   total 318464K, used 137097K [0x0000000080000000, 0x0000000100000000)
  region size 1024K, 2 young (2048K), 2 survivors (2048K)
 Metaspace       used 155376K, committed 156480K, reserved 1187840K
  class space    used 20892K, committed 21440K, reserved 1048576K
}
Event: 1615.359 GC heap before
{Heap before GC invocations=82 (full 0):
 garbage-first heap   total 318464K, used 199561K [0x0000000080000000, 0x0000000100000000)
  region size 1024K, 65 young (66560K), 2 survivors (2048K)
 Metaspace       used 155530K, committed 156608K, reserved 1187840K
  class space    used 20894K, committed 21440K, reserved 1048576K
}

