# JRE version: OpenJDK Runtime Environment (17.0.6) (build 17.0.6+0-b2043.56-10027231)
# Java VM: OpenJDK 64-Bit Server VM (17.0.6+0-b2043.56-10027231, mixed mode, tiered, compressed oops, compressed class ptrs, g1 gc, windows-amd64)
GC Precious Log:
 CPUs: 8 total, 8 available
 Memory: 12037M
 Large Page Support: Disabled
 NUMA Support: Disabled
 Compressed Oops: Enabled (32-bit)
 Heap Region Size: 1M
 Heap Min Capacity: 8M
 Heap Initial Capacity: 190M
 Heap Max Capacity: 2G
 Pre-touch: Disabled
 Parallel Workers: 8
 Concurrent Workers: 2
 Concurrent Refinement Workers: 8
 Periodic GC: Disabled
Heap:
 garbage-first heap   total 400384K, used 330965K [0x0000000080000000, 0x0000000100000000)
  region size 1024K, 1 young (1024K), 1 survivors (1024K)
 Metaspace       used 147762K, committed 148864K, reserved 1179648K
  class space    used 19920K, committed 20480K, reserved 1048576K
GC Heap History (20 events):
Event: 287.123 GC heap after
{Heap after GC invocations=69 (full 0):
 garbage-first heap   total 400384K, used 292993K [0x0000000080000000, 0x0000000100000000)
  region size 1024K, 5 young (5120K), 5 survivors (5120K)
 Metaspace       used 140230K, committed 141120K, reserved 1171456K
  class space    used 19085K, committed 19520K, reserved 1048576K
}
Event: 287.858 GC heap before
{Heap before GC invocations=69 (full 0):
 garbage-first heap   total 400384K, used 345217K [0x0000000080000000, 0x0000000100000000)
  region size 1024K, 55 young (56320K), 5 survivors (5120K)
 Metaspace       used 141382K, committed 142336K, reserved 1179648K
  class space    used 19213K, committed 19648K, reserved 1048576K
}
Event: 287.874 GC heap after
{Heap after GC invocations=70 (full 0):
 garbage-first heap   total 400384K, used 313344K [0x0000000080000000, 0x0000000100000000)
  region size 1024K, 7 young (7168K), 7 survivors (7168K)
 Metaspace       used 141382K, committed 142336K, reserved 1179648K
  class space    used 19213K, committed 19648K, reserved 1048576K
}
Event: 288.504 GC heap before
{Heap before GC invocations=70 (full 0):
 garbage-first heap   total 400384K, used 335872K [0x0000000080000000, 0x0000000100000000)
  region size 1024K, 30 young (30720K), 7 survivors (7168K)
 Metaspace       used 143810K, committed 144704K, reserved 1179648K
  class space    used 19521K, committed 19968K, reserved 1048576K
}
Event: 288.516 GC heap after
{Heap after GC invocations=71 (full 0):
 garbage-first heap   total 400384K, used 318131K [0x0000000080000000, 0x0000000100000000)
  region size 1024K, 4 young (4096K), 4 survivors (4096K)
 Metaspace       used 143810K, committed 144704K, reserved 1179648K
  class space    used 19521K, committed 19968K, reserved 1048576K
}
Event: 288.884 GC heap before
{Heap before GC invocations=71 (full 0):
 garbage-first heap   total 400384K, used 356019K [0x0000000080000000, 0x0000000100000000)
  region size 1024K, 25 young (25600K), 4 survivors (4096K)
 Metaspace       used 145171K, committed 146240K, reserved 1179648K
  class space    used 19641K, committed 20160K, reserved 1048576K
}
Event: 288.895 GC heap after
{Heap after GC invocations=72 (full 0):
 garbage-first heap   total 400384K, used 323805K [0x0000000080000000, 0x0000000100000000)
  region size 1024K, 4 young (4096K), 4 survivors (4096K)
 Metaspace       used 145171K, committed 146240K, reserved 1179648K
  class space    used 19641K, committed 20160K, reserved 1048576K
}
Event: 289.045 GC heap before
{Heap before GC invocations=72 (full 0):
 garbage-first heap   total 400384K, used 341213K [0x0000000080000000, 0x0000000100000000)
  region size 1024K, 22 young (22528K), 4 survivors (4096K)
 Metaspace       used 145779K, committed 146816K, reserved 1179648K
  class space    used 19710K, committed 20224K, reserved 1048576K
}
Event: 289.051 GC heap after
{Heap after GC invocations=73 (full 0):
 garbage-first heap   total 400384K, used 327390K [0x0000000080000000, 0x0000000100000000)
  region size 1024K, 3 young (3072K), 3 survivors (3072K)
 Metaspace       used 145779K, committed 146816K, reserved 1179648K
  class space    used 19710K, committed 20224K, reserved 1048576K
}
Event: 290.418 GC heap before
{Heap before GC invocations=73 (full 0):
 garbage-first heap   total 400384K, used 343774K [0x0000000080000000, 0x0000000100000000)
  region size 1024K, 20 young (20480K), 3 survivors (3072K)
 Metaspace       used 146673K, committed 147776K, reserved 1179648K
  class space    used 19818K, committed 20352K, reserved 1048576K
}
Event: 290.424 GC heap after
{Heap after GC invocations=74 (full 0):
 garbage-first heap   total 400384K, used 330517K [0x0000000080000000, 0x0000000100000000)
  region size 1024K, 3 young (3072K), 3 survivors (3072K)
 Metaspace       used 146673K, committed 147776K, reserved 1179648K
  class space    used 19818K, committed 20352K, reserved 1048576K
}
Event: 290.499 GC heap before
{Heap before GC invocations=74 (full 0):
 garbage-first heap   total 400384K, used 345877K [0x0000000080000000, 0x0000000100000000)
  region size 1024K, 19 young (19456K), 3 survivors (3072K)
 Metaspace       used 146693K, committed 147776K, reserved 1179648K
  class space    used 19818K, committed 20352K, reserved 1048576K
}
Event: 290.504 GC heap after
{Heap after GC invocations=75 (full 0):
 garbage-first heap   total 400384K, used 331652K [0x0000000080000000, 0x0000000100000000)
  region size 1024K, 3 young (3072K), 3 survivors (3072K)
 Metaspace       used 146693K, committed 147776K, reserved 1179648K
  class space    used 19818K, committed 20352K, reserved 1048576K
}
Event: 290.846 GC heap before
{Heap before GC invocations=75 (full 0):
 garbage-first heap   total 400384K, used 347012K [0x0000000080000000, 0x0000000100000000)
  region size 1024K, 19 young (19456K), 3 survivors (3072K)
 Metaspace       used 147406K, committed 148480K, reserved 1179648K
  class space    used 19890K, committed 20416K, reserved 1048576K
}
Event: 290.849 GC heap after
{Heap after GC invocations=76 (full 0):
 garbage-first heap   total 400384K, used 331195K [0x0000000080000000, 0x0000000100000000)
  region size 1024K, 1 young (1024K), 1 survivors (1024K)
 Metaspace       used 147406K, committed 148480K, reserved 1179648K
  class space    used 19890K, committed 20416K, reserved 1048576K
}
Event: 290.935 GC heap before
{Heap before GC invocations=76 (full 0):
 garbage-first heap   total 400384K, used 349627K [0x0000000080000000, 0x0000000100000000)
  region size 1024K, 19 young (19456K), 1 survivors (1024K)
 Metaspace       used 147570K, committed 148608K, reserved 1179648K
  class space    used 19904K, committed 20416K, reserved 1048576K
}
Event: 290.938 GC heap after
{Heap after GC invocations=77 (full 0):
 garbage-first heap   total 400384K, used 331550K [0x0000000080000000, 0x0000000100000000)
  region size 1024K, 2 young (2048K), 2 survivors (2048K)
 Metaspace       used 147570K, committed 148608K, reserved 1179648K
  class space    used 19904K, committed 20416K, reserved 1048576K
}
Event: 290.985 GC heap before
{Heap before GC invocations=77 (full 0):
 garbage-first heap   total 400384K, used 349982K [0x0000000080000000, 0x0000000100000000)
  region size 1024K, 20 young (20480K), 2 survivors (2048K)
 Metaspace       used 147646K, committed 148672K, reserved 1179648K
  class space    used 19904K, committed 20416K, reserved 1048576K
}
Event: 290.988 GC heap after
{Heap after GC invocations=78 (full 0):
 garbage-first heap   total 400384K, used 332101K [0x0000000080000000, 0x0000000100000000)
  region size 1024K, 2 young (2048K), 2 survivors (2048K)
 Metaspace       used 147646K, committed 148672K, reserved 1179648K
  class space    used 19904K, committed 20416K, reserved 1048576K
}
Event: 291.136 GC heap before
{Heap before GC invocations=78 (full 0):
 garbage-first heap   total 400384K, used 351557K [0x0000000080000000, 0x0000000100000000)
  region size 1024K, 21 young (21504K), 2 survivors (2048K)
 Metaspace       used 147762K, committed 148864K, reserved 1179648K
  class space    used 19920K, committed 20480K, reserved 1048576K
}

