# JRE version: OpenJDK Runtime Environment (17.0.6) (build 17.0.6+0-b2043.56-10027231)
# Java VM: OpenJDK 64-Bit Server VM (17.0.6+0-b2043.56-10027231, mixed mode, tiered, compressed oops, compressed class ptrs, g1 gc, windows-amd64)
GC Precious Log:
 CPUs: 8 total, 8 available
 Memory: 12037M
 Large Page Support: Disabled
 NUMA Support: Disabled
 Compressed Oops: Enabled (32-bit)
 Heap Region Size: 1M
 Heap Min Capacity: 8M
 Heap Initial Capacity: 190M
 Heap Max Capacity: 2G
 Pre-touch: Disabled
 Parallel Workers: 8
 Concurrent Workers: 2
 Concurrent Refinement Workers: 8
 Periodic GC: Disabled
Heap:
 garbage-first heap   total 299008K, used 205194K [0x0000000080000000, 0x0000000100000000)
  region size 1024K, 82 young (83968K), 18 survivors (18432K)
 Metaspace       used 104253K, committed 105024K, reserved 1146880K
  class space    used 14160K, committed 14528K, reserved 1048576K
GC Heap History (20 events):
Event: 10.509 GC heap before
{Heap before GC invocations=39 (full 0):
 garbage-first heap   total 141312K, used 91032K [0x0000000080000000, 0x0000000100000000)
  region size 1024K, 27 young (27648K), 3 survivors (3072K)
 Metaspace       used 77693K, committed 78336K, reserved 1122304K
  class space    used 10376K, committed 10688K, reserved 1048576K
}
Event: 10.513 GC heap after
{Heap after GC invocations=40 (full 0):
 garbage-first heap   total 141312K, used 68606K [0x0000000080000000, 0x0000000100000000)
  region size 1024K, 4 young (4096K), 4 survivors (4096K)
 Metaspace       used 77693K, committed 78336K, reserved 1122304K
  class space    used 10376K, committed 10688K, reserved 1048576K
}
Event: 11.207 GC heap before
{Heap before GC invocations=41 (full 0):
 garbage-first heap   total 141312K, used 111614K [0x0000000080000000, 0x0000000100000000)
  region size 1024K, 45 young (46080K), 4 survivors (4096K)
 Metaspace       used 82480K, committed 83072K, reserved 1122304K
  class space    used 11237K, committed 11520K, reserved 1048576K
}
Event: 11.212 GC heap after
{Heap after GC invocations=42 (full 0):
 garbage-first heap   total 141312K, used 70717K [0x0000000080000000, 0x0000000100000000)
  region size 1024K, 4 young (4096K), 4 survivors (4096K)
 Metaspace       used 82480K, committed 83072K, reserved 1122304K
  class space    used 11237K, committed 11520K, reserved 1048576K
}
Event: 11.246 GC heap before
{Heap before GC invocations=42 (full 0):
 garbage-first heap   total 141312K, used 72765K [0x0000000080000000, 0x0000000100000000)
  region size 1024K, 6 young (6144K), 4 survivors (4096K)
 Metaspace       used 82705K, committed 83328K, reserved 1122304K
  class space    used 11274K, committed 11584K, reserved 1048576K
}
Event: 11.251 GC heap after
{Heap after GC invocations=43 (full 0):
 garbage-first heap   total 141312K, used 70670K [0x0000000080000000, 0x0000000100000000)
  region size 1024K, 1 young (1024K), 1 survivors (1024K)
 Metaspace       used 82705K, committed 83328K, reserved 1122304K
  class space    used 11274K, committed 11584K, reserved 1048576K
}
Event: 11.942 GC heap before
{Heap before GC invocations=43 (full 0):
 garbage-first heap   total 141312K, used 112654K [0x0000000080000000, 0x0000000100000000)
  region size 1024K, 42 young (43008K), 1 survivors (1024K)
 Metaspace       used 86711K, committed 87360K, reserved 1130496K
  class space    used 11843K, committed 12160K, reserved 1048576K
}
Event: 11.947 GC heap after
{Heap after GC invocations=44 (full 0):
 garbage-first heap   total 141312K, used 73579K [0x0000000080000000, 0x0000000100000000)
  region size 1024K, 4 young (4096K), 4 survivors (4096K)
 Metaspace       used 86711K, committed 87360K, reserved 1130496K
  class space    used 11843K, committed 12160K, reserved 1048576K
}
Event: 12.664 GC heap before
{Heap before GC invocations=45 (full 0):
 garbage-first heap   total 141312K, used 113515K [0x0000000080000000, 0x0000000100000000)
  region size 1024K, 43 young (44032K), 4 survivors (4096K)
 Metaspace       used 92047K, committed 92736K, reserved 1130496K
  class space    used 12606K, committed 12928K, reserved 1048576K
}
Event: 12.670 GC heap after
{Heap after GC invocations=46 (full 0):
 garbage-first heap   total 141312K, used 77063K [0x0000000080000000, 0x0000000100000000)
  region size 1024K, 4 young (4096K), 4 survivors (4096K)
 Metaspace       used 92047K, committed 92736K, reserved 1130496K
  class space    used 12606K, committed 12928K, reserved 1048576K
}
Event: 12.689 GC heap before
{Heap before GC invocations=46 (full 0):
 garbage-first heap   total 141312K, used 78087K [0x0000000080000000, 0x0000000100000000)
  region size 1024K, 6 young (6144K), 4 survivors (4096K)
 Metaspace       used 92185K, committed 92864K, reserved 1130496K
  class space    used 12621K, committed 12928K, reserved 1048576K
}
Event: 12.694 GC heap after
{Heap after GC invocations=47 (full 0):
 garbage-first heap   total 141312K, used 77019K [0x0000000080000000, 0x0000000100000000)
  region size 1024K, 1 young (1024K), 1 survivors (1024K)
 Metaspace       used 92185K, committed 92864K, reserved 1130496K
  class space    used 12621K, committed 12928K, reserved 1048576K
}
Event: 13.118 GC heap before
{Heap before GC invocations=47 (full 0):
 garbage-first heap   total 141312K, used 114907K [0x0000000080000000, 0x0000000100000000)
  region size 1024K, 38 young (38912K), 1 survivors (1024K)
 Metaspace       used 93740K, committed 94400K, reserved 1130496K
  class space    used 12834K, committed 13120K, reserved 1048576K
}
Event: 13.123 GC heap after
{Heap after GC invocations=48 (full 0):
 garbage-first heap   total 141312K, used 81126K [0x0000000080000000, 0x0000000100000000)
  region size 1024K, 5 young (5120K), 5 survivors (5120K)
 Metaspace       used 93740K, committed 94400K, reserved 1130496K
  class space    used 12834K, committed 13120K, reserved 1048576K
}
Event: 13.422 GC heap before
{Heap before GC invocations=49 (full 0):
 garbage-first heap   total 150528K, used 114918K [0x0000000080000000, 0x0000000100000000)
  region size 1024K, 38 young (38912K), 5 survivors (5120K)
 Metaspace       used 93885K, committed 94528K, reserved 1130496K
  class space    used 12851K, committed 13184K, reserved 1048576K
}
Event: 13.430 GC heap after
{Heap after GC invocations=50 (full 0):
 garbage-first heap   total 150528K, used 86431K [0x0000000080000000, 0x0000000100000000)
  region size 1024K, 5 young (5120K), 5 survivors (5120K)
 Metaspace       used 93885K, committed 94528K, reserved 1130496K
  class space    used 12851K, committed 13184K, reserved 1048576K
}
Event: 13.481 GC heap before
{Heap before GC invocations=50 (full 0):
 garbage-first heap   total 150528K, used 88479K [0x0000000080000000, 0x0000000100000000)
  region size 1024K, 7 young (7168K), 5 survivors (5120K)
 Metaspace       used 94200K, committed 94848K, reserved 1130496K
  class space    used 12918K, committed 13248K, reserved 1048576K
}
Event: 13.487 GC heap after
{Heap after GC invocations=51 (full 0):
 garbage-first heap   total 299008K, used 87116K [0x0000000080000000, 0x0000000100000000)
  region size 1024K, 1 young (1024K), 1 survivors (1024K)
 Metaspace       used 94200K, committed 94848K, reserved 1130496K
  class space    used 12918K, committed 13248K, reserved 1048576K
}
Event: 15.701 GC heap before
{Heap before GC invocations=51 (full 0):
 garbage-first heap   total 299008K, used 236620K [0x0000000080000000, 0x0000000100000000)
  region size 1024K, 138 young (141312K), 1 survivors (1024K)
 Metaspace       used 101156K, committed 101888K, reserved 1138688K
  class space    used 13774K, committed 14144K, reserved 1048576K
}
Event: 15.719 GC heap after
{Heap after GC invocations=52 (full 0):
 garbage-first heap   total 299008K, used 116106K [0x0000000080000000, 0x0000000100000000)
  region size 1024K, 18 young (18432K), 18 survivors (18432K)
 Metaspace       used 101156K, committed 101888K, reserved 1138688K
  class space    used 13774K, committed 14144K, reserved 1048576K
}

