# JRE version: OpenJDK Runtime Environment (17.0.6) (build 17.0.6+0-b2043.56-10027231)
# Java VM: OpenJDK 64-Bit Server VM (17.0.6+0-b2043.56-10027231, mixed mode, tiered, compressed oops, compressed class ptrs, g1 gc, windows-amd64)
GC Precious Log:
 CPUs: 8 total, 8 available
 Memory: 12037M
 Large Page Support: Disabled
 NUMA Support: Disabled
 Compressed Oops: Enabled (32-bit)
 Heap Region Size: 1M
 Heap Min Capacity: 8M
 Heap Initial Capacity: 190M
 Heap Max Capacity: 2G
 Pre-touch: Disabled
 Parallel Workers: 8
 Concurrent Workers: 2
 Concurrent Refinement Workers: 8
 Periodic GC: Disabled
Heap:
 garbage-first heap   total 348160K, used 128976K [0x0000000080000000, 0x0000000100000000)
  region size 1024K, 6 young (6144K), 3 survivors (3072K)
 Metaspace       used 101727K, committed 102464K, reserved 1138688K
  class space    used 13836K, committed 14208K, reserved 1048576K
GC Heap History (20 events):
Event: 12.937 GC heap before
{Heap before GC invocations=23 (full 0):
 garbage-first heap   total 147456K, used 118979K [0x0000000080000000, 0x0000000100000000)
  region size 1024K, 51 young (52224K), 7 survivors (7168K)
 Metaspace       used 92315K, committed 92928K, reserved 1130496K
  class space    used 12630K, committed 12928K, reserved 1048576K
}
Event: 12.945 GC heap after
{Heap after GC invocations=24 (full 0):
 garbage-first heap   total 147456K, used 77849K [0x0000000080000000, 0x0000000100000000)
  region size 1024K, 5 young (5120K), 5 survivors (5120K)
 Metaspace       used 92315K, committed 92928K, reserved 1130496K
  class space    used 12630K, committed 12928K, reserved 1048576K
}
Event: 13.528 GC heap before
{Heap before GC invocations=24 (full 0):
 garbage-first heap   total 147456K, used 119833K [0x0000000080000000, 0x0000000100000000)
  region size 1024K, 46 young (47104K), 5 survivors (5120K)
 Metaspace       used 93747K, committed 94464K, reserved 1130496K
  class space    used 12829K, committed 13184K, reserved 1048576K
}
Event: 13.537 GC heap after
{Heap after GC invocations=25 (full 0):
 garbage-first heap   total 147456K, used 83349K [0x0000000080000000, 0x0000000100000000)
  region size 1024K, 6 young (6144K), 6 survivors (6144K)
 Metaspace       used 93747K, committed 94464K, reserved 1130496K
  class space    used 12829K, committed 13184K, reserved 1048576K
}
Event: 14.433 GC heap before
{Heap before GC invocations=26 (full 0):
 garbage-first heap   total 147456K, used 119189K [0x0000000080000000, 0x0000000100000000)
  region size 1024K, 42 young (43008K), 6 survivors (6144K)
 Metaspace       used 95010K, committed 95680K, reserved 1138688K
  class space    used 13074K, committed 13376K, reserved 1048576K
}
Event: 14.443 GC heap after
{Heap after GC invocations=27 (full 0):
 garbage-first heap   total 177152K, used 88990K [0x0000000080000000, 0x0000000100000000)
  region size 1024K, 6 young (6144K), 6 survivors (6144K)
 Metaspace       used 95010K, committed 95680K, reserved 1138688K
  class space    used 13074K, committed 13376K, reserved 1048576K
}
Event: 14.443 GC heap before
{Heap before GC invocations=27 (full 0):
 garbage-first heap   total 177152K, used 88990K [0x0000000080000000, 0x0000000100000000)
  region size 1024K, 7 young (7168K), 6 survivors (6144K)
 Metaspace       used 95013K, committed 95680K, reserved 1138688K
  class space    used 13075K, committed 13376K, reserved 1048576K
}
Event: 14.448 GC heap after
{Heap after GC invocations=28 (full 0):
 garbage-first heap   total 177152K, used 89052K [0x0000000080000000, 0x0000000100000000)
  region size 1024K, 1 young (1024K), 1 survivors (1024K)
 Metaspace       used 95013K, committed 95680K, reserved 1138688K
  class space    used 13075K, committed 13376K, reserved 1048576K
}
Event: 15.069 GC heap before
{Heap before GC invocations=29 (full 0):
 garbage-first heap   total 177152K, used 127964K [0x0000000080000000, 0x0000000100000000)
  region size 1024K, 39 young (39936K), 1 survivors (1024K)
 Metaspace       used 97933K, committed 98624K, reserved 1138688K
  class space    used 13418K, committed 13760K, reserved 1048576K
}
Event: 15.076 GC heap after
{Heap after GC invocations=30 (full 0):
 garbage-first heap   total 177152K, used 91913K [0x0000000080000000, 0x0000000100000000)
  region size 1024K, 4 young (4096K), 4 survivors (4096K)
 Metaspace       used 97933K, committed 98624K, reserved 1138688K
  class space    used 13418K, committed 13760K, reserved 1048576K
}
Event: 15.123 GC heap before
{Heap before GC invocations=30 (full 0):
 garbage-first heap   total 177152K, used 94985K [0x0000000080000000, 0x0000000100000000)
  region size 1024K, 8 young (8192K), 4 survivors (4096K)
 Metaspace       used 97947K, committed 98624K, reserved 1138688K
  class space    used 13418K, committed 13760K, reserved 1048576K
}
Event: 15.130 GC heap after
{Heap after GC invocations=31 (full 0):
 garbage-first heap   total 177152K, used 92010K [0x0000000080000000, 0x0000000100000000)
  region size 1024K, 1 young (1024K), 1 survivors (1024K)
 Metaspace       used 97947K, committed 98624K, reserved 1138688K
  class space    used 13418K, committed 13760K, reserved 1048576K
}
Event: 15.871 GC heap before
{Heap before GC invocations=31 (full 0):
 garbage-first heap   total 177152K, used 131946K [0x0000000080000000, 0x0000000100000000)
  region size 1024K, 41 young (41984K), 1 survivors (1024K)
 Metaspace       used 100819K, committed 101568K, reserved 1138688K
  class space    used 13770K, committed 14144K, reserved 1048576K
}
Event: 15.875 GC heap after
{Heap after GC invocations=32 (full 0):
 garbage-first heap   total 177152K, used 94281K [0x0000000080000000, 0x0000000100000000)
  region size 1024K, 3 young (3072K), 3 survivors (3072K)
 Metaspace       used 100819K, committed 101568K, reserved 1138688K
  class space    used 13770K, committed 14144K, reserved 1048576K
}
Event: 16.755 GC heap before
{Heap before GC invocations=33 (full 0):
 garbage-first heap   total 177152K, used 144457K [0x0000000080000000, 0x0000000100000000)
  region size 1024K, 44 young (45056K), 3 survivors (3072K)
 Metaspace       used 101140K, committed 101888K, reserved 1138688K
  class space    used 13767K, committed 14144K, reserved 1048576K
}
Event: 16.770 GC heap after
{Heap after GC invocations=34 (full 0):
 garbage-first heap   total 177152K, used 115828K [0x0000000080000000, 0x0000000100000000)
  region size 1024K, 6 young (6144K), 6 survivors (6144K)
 Metaspace       used 101140K, committed 101888K, reserved 1138688K
  class space    used 13767K, committed 14144K, reserved 1048576K
}
Event: 16.807 GC heap before
{Heap before GC invocations=34 (full 0):
 garbage-first heap   total 177152K, used 117876K [0x0000000080000000, 0x0000000100000000)
  region size 1024K, 8 young (8192K), 6 survivors (6144K)
 Metaspace       used 101140K, committed 101888K, reserved 1138688K
  class space    used 13767K, committed 14144K, reserved 1048576K
}
Event: 16.816 GC heap after
{Heap after GC invocations=35 (full 0):
 garbage-first heap   total 177152K, used 117331K [0x0000000080000000, 0x0000000100000000)
  region size 1024K, 1 young (1024K), 1 survivors (1024K)
 Metaspace       used 101140K, committed 101888K, reserved 1138688K
  class space    used 13767K, committed 14144K, reserved 1048576K
}
Event: 17.098 GC heap before
{Heap before GC invocations=35 (full 0):
 garbage-first heap   total 177152K, used 131667K [0x0000000080000000, 0x0000000100000000)
  region size 1024K, 17 young (17408K), 1 survivors (1024K)
 Metaspace       used 101633K, committed 102400K, reserved 1138688K
  class space    used 13818K, committed 14208K, reserved 1048576K
}
Event: 17.104 GC heap after
{Heap after GC invocations=36 (full 0):
 garbage-first heap   total 348160K, used 120784K [0x0000000080000000, 0x0000000100000000)
  region size 1024K, 3 young (3072K), 3 survivors (3072K)
 Metaspace       used 101633K, committed 102400K, reserved 1138688K
  class space    used 13818K, committed 14208K, reserved 1048576K
}

