# JRE version: OpenJDK Runtime Environment (17.0.6) (build 17.0.6+0-b2043.56-10027231)
# Java VM: OpenJDK 64-Bit Server VM (17.0.6+0-b2043.56-10027231, mixed mode, tiered, compressed oops, compressed class ptrs, g1 gc, windows-amd64)
GC Precious Log:
 CPUs: 8 total, 8 available
 Memory: 12037M
 Large Page Support: Disabled
 NUMA Support: Disabled
 Compressed Oops: Enabled (32-bit)
 Heap Region Size: 1M
 Heap Min Capacity: 8M
 Heap Initial Capacity: 190M
 Heap Max Capacity: 2G
 Pre-touch: Disabled
 Parallel Workers: 8
 Concurrent Workers: 2
 Concurrent Refinement Workers: 8
 Periodic GC: Disabled
Heap:
 garbage-first heap   total 196608K, used 104164K [0x0000000080000000, 0x0000000100000000)
  region size 1024K, 6 young (6144K), 6 survivors (6144K)
 Metaspace       used 102232K, committed 103040K, reserved 1138688K
  class space    used 13911K, committed 14336K, reserved 1048576K
GC Heap History (20 events):
Event: 8.634 GC heap after
{Heap after GC invocations=23 (full 0):
 garbage-first heap   total 166912K, used 61483K [0x0000000080000000, 0x0000000100000000)
  region size 1024K, 3 young (3072K), 3 survivors (3072K)
 Metaspace       used 68719K, committed 69376K, reserved 1114112K
  class space    used 9158K, committed 9472K, reserved 1048576K
}
Event: 9.411 GC heap before
{Heap before GC invocations=24 (full 0):
 garbage-first heap   total 166912K, used 118827K [0x0000000080000000, 0x0000000100000000)
  region size 1024K, 59 young (60416K), 3 survivors (3072K)
 Metaspace       used 75121K, committed 75776K, reserved 1122304K
  class space    used 10054K, committed 10368K, reserved 1048576K
}
Event: 9.416 GC heap after
{Heap after GC invocations=25 (full 0):
 garbage-first heap   total 166912K, used 65516K [0x0000000080000000, 0x0000000100000000)
  region size 1024K, 7 young (7168K), 7 survivors (7168K)
 Metaspace       used 75121K, committed 75776K, reserved 1122304K
  class space    used 10054K, committed 10368K, reserved 1048576K
}
Event: 9.431 GC heap before
{Heap before GC invocations=25 (full 0):
 garbage-first heap   total 166912K, used 66540K [0x0000000080000000, 0x0000000100000000)
  region size 1024K, 8 young (8192K), 7 survivors (7168K)
 Metaspace       used 75241K, committed 75840K, reserved 1122304K
  class space    used 10068K, committed 10368K, reserved 1048576K
}
Event: 9.436 GC heap after
{Heap after GC invocations=26 (full 0):
 garbage-first heap   total 166912K, used 65884K [0x0000000080000000, 0x0000000100000000)
  region size 1024K, 1 young (1024K), 1 survivors (1024K)
 Metaspace       used 75241K, committed 75840K, reserved 1122304K
  class space    used 10068K, committed 10368K, reserved 1048576K
}
Event: 10.300 GC heap before
{Heap before GC invocations=26 (full 0):
 garbage-first heap   total 166912K, used 125276K [0x0000000080000000, 0x0000000100000000)
  region size 1024K, 59 young (60416K), 1 survivors (1024K)
 Metaspace       used 80474K, committed 81024K, reserved 1122304K
  class space    used 10942K, committed 11200K, reserved 1048576K
}
Event: 10.304 GC heap after
{Heap after GC invocations=27 (full 0):
 garbage-first heap   total 166912K, used 68585K [0x0000000080000000, 0x0000000100000000)
  region size 1024K, 4 young (4096K), 4 survivors (4096K)
 Metaspace       used 80474K, committed 81024K, reserved 1122304K
  class space    used 10942K, committed 11200K, reserved 1048576K
}
Event: 11.526 GC heap before
{Heap before GC invocations=27 (full 0):
 garbage-first heap   total 166912K, used 129001K [0x0000000080000000, 0x0000000100000000)
  region size 1024K, 63 young (64512K), 4 survivors (4096K)
 Metaspace       used 86540K, committed 87168K, reserved 1130496K
  class space    used 11882K, committed 12160K, reserved 1048576K
}
Event: 11.533 GC heap after
{Heap after GC invocations=28 (full 0):
 garbage-first heap   total 166912K, used 73474K [0x0000000080000000, 0x0000000100000000)
  region size 1024K, 8 young (8192K), 8 survivors (8192K)
 Metaspace       used 86540K, committed 87168K, reserved 1130496K
  class space    used 11882K, committed 12160K, reserved 1048576K
}
Event: 20.573 GC heap before
{Heap before GC invocations=28 (full 0):
 garbage-first heap   total 166912K, used 130818K [0x0000000080000000, 0x0000000100000000)
  region size 1024K, 64 young (65536K), 8 survivors (8192K)
 Metaspace       used 88053K, committed 88640K, reserved 1130496K
  class space    used 12079K, committed 12352K, reserved 1048576K
}
Event: 20.581 GC heap after
{Heap after GC invocations=29 (full 0):
 garbage-first heap   total 166912K, used 77255K [0x0000000080000000, 0x0000000100000000)
  region size 1024K, 4 young (4096K), 4 survivors (4096K)
 Metaspace       used 88053K, committed 88640K, reserved 1130496K
  class space    used 12079K, committed 12352K, reserved 1048576K
}
Event: 21.407 GC heap before
{Heap before GC invocations=29 (full 0):
 garbage-first heap   total 166912K, used 133575K [0x0000000080000000, 0x0000000100000000)
  region size 1024K, 59 young (60416K), 4 survivors (4096K)
 Metaspace       used 93674K, committed 94336K, reserved 1130496K
  class space    used 12866K, committed 13184K, reserved 1048576K
}
Event: 21.414 GC heap after
{Heap after GC invocations=30 (full 0):
 garbage-first heap   total 166912K, used 82673K [0x0000000080000000, 0x0000000100000000)
  region size 1024K, 8 young (8192K), 8 survivors (8192K)
 Metaspace       used 93674K, committed 94336K, reserved 1130496K
  class space    used 12866K, committed 13184K, reserved 1048576K
}
Event: 21.997 GC heap before
{Heap before GC invocations=30 (full 0):
 garbage-first heap   total 166912K, used 134897K [0x0000000080000000, 0x0000000100000000)
  region size 1024K, 59 young (60416K), 8 survivors (8192K)
 Metaspace       used 96091K, committed 96768K, reserved 1138688K
  class space    used 13180K, committed 13504K, reserved 1048576K
}
Event: 22.008 GC heap after
{Heap after GC invocations=31 (full 0):
 garbage-first heap   total 166912K, used 88984K [0x0000000080000000, 0x0000000100000000)
  region size 1024K, 7 young (7168K), 7 survivors (7168K)
 Metaspace       used 96091K, committed 96768K, reserved 1138688K
  class space    used 13180K, committed 13504K, reserved 1048576K
}
Event: 22.492 GC heap before
{Heap before GC invocations=31 (full 0):
 garbage-first heap   total 166912K, used 134040K [0x0000000080000000, 0x0000000100000000)
  region size 1024K, 51 young (52224K), 7 survivors (7168K)
 Metaspace       used 98541K, committed 99200K, reserved 1138688K
  class space    used 13410K, committed 13696K, reserved 1048576K
}
Event: 22.502 GC heap after
{Heap after GC invocations=32 (full 0):
 garbage-first heap   total 166912K, used 95609K [0x0000000080000000, 0x0000000100000000)
  region size 1024K, 7 young (7168K), 7 survivors (7168K)
 Metaspace       used 98541K, committed 99200K, reserved 1138688K
  class space    used 13410K, committed 13696K, reserved 1048576K
}
Event: 22.838 GC heap before
{Heap before GC invocations=32 (full 0):
 garbage-first heap   total 166912K, used 134521K [0x0000000080000000, 0x0000000100000000)
  region size 1024K, 46 young (47104K), 7 survivors (7168K)
 Metaspace       used 99239K, committed 99904K, reserved 1138688K
  class space    used 13561K, committed 13888K, reserved 1048576K
}
Event: 22.846 GC heap after
{Heap after GC invocations=33 (full 0):
 garbage-first heap   total 166912K, used 99054K [0x0000000080000000, 0x0000000100000000)
  region size 1024K, 4 young (4096K), 4 survivors (4096K)
 Metaspace       used 99239K, committed 99904K, reserved 1138688K
  class space    used 13561K, committed 13888K, reserved 1048576K
}
Event: 23.581 GC heap before
{Heap before GC invocations=33 (full 0):
 garbage-first heap   total 166912K, used 135918K [0x0000000080000000, 0x0000000100000000)
  region size 1024K, 41 young (41984K), 4 survivors (4096K)
 Metaspace       used 102232K, committed 103040K, reserved 1138688K
  class space    used 13911K, committed 14336K, reserved 1048576K
}

