# JRE version: OpenJDK Runtime Environment (17.0.6) (build 17.0.6+0-b2043.56-10027231)
# Java VM: OpenJDK 64-Bit Server VM (17.0.6+0-b2043.56-10027231, mixed mode, tiered, compressed oops, compressed class ptrs, g1 gc, windows-amd64)
GC Precious Log:
 CPUs: 8 total, 8 available
 Memory: 12037M
 Large Page Support: Disabled
 NUMA Support: Disabled
 Compressed Oops: Enabled (32-bit)
 Heap Region Size: 1M
 Heap Min Capacity: 8M
 Heap Initial Capacity: 190M
 Heap Max Capacity: 2G
 Pre-touch: Disabled
 Parallel Workers: 8
 Concurrent Workers: 2
 Concurrent Refinement Workers: 8
 Periodic GC: Disabled
Heap:
 garbage-first heap   total 206848K, used 123058K [0x0000000080000000, 0x0000000100000000)
  region size 1024K, 2 young (2048K), 2 survivors (2048K)
 Metaspace       used 100464K, committed 101184K, reserved 1138688K
  class space    used 13677K, committed 14016K, reserved 1048576K
GC Heap History (20 events):
Event: 10.254 GC heap after
{Heap after GC invocations=28 (full 0):
 garbage-first heap   total 174080K, used 65836K [0x0000000080000000, 0x0000000100000000)
  region size 1024K, 7 young (7168K), 7 survivors (7168K)
 Metaspace       used 75164K, committed 75776K, reserved 1122304K
  class space    used 10037K, committed 10368K, reserved 1048576K
}
Event: 11.431 GC heap before
{Heap before GC invocations=28 (full 0):
 garbage-first heap   total 174080K, used 133420K [0x0000000080000000, 0x0000000100000000)
  region size 1024K, 73 young (74752K), 7 survivors (7168K)
 Metaspace       used 81485K, committed 82112K, reserved 1122304K
  class space    used 11096K, committed 11392K, reserved 1048576K
}
Event: 11.454 GC heap after
{Heap after GC invocations=29 (full 0):
 garbage-first heap   total 174080K, used 70080K [0x0000000080000000, 0x0000000100000000)
  region size 1024K, 9 young (9216K), 9 survivors (9216K)
 Metaspace       used 81485K, committed 82112K, reserved 1122304K
  class space    used 11096K, committed 11392K, reserved 1048576K
}
Event: 12.642 GC heap before
{Heap before GC invocations=29 (full 0):
 garbage-first heap   total 174080K, used 133568K [0x0000000080000000, 0x0000000100000000)
  region size 1024K, 71 young (72704K), 9 survivors (9216K)
 Metaspace       used 87620K, committed 88256K, reserved 1130496K
  class space    used 11985K, committed 12288K, reserved 1048576K
}
Event: 12.654 GC heap after
{Heap after GC invocations=30 (full 0):
 garbage-first heap   total 174080K, used 74978K [0x0000000080000000, 0x0000000100000000)
  region size 1024K, 9 young (9216K), 9 survivors (9216K)
 Metaspace       used 87620K, committed 88256K, reserved 1130496K
  class space    used 11985K, committed 12288K, reserved 1048576K
}
Event: 13.590 GC heap before
{Heap before GC invocations=30 (full 0):
 garbage-first heap   total 174080K, used 137442K [0x0000000080000000, 0x0000000100000000)
  region size 1024K, 70 young (71680K), 9 survivors (9216K)
 Metaspace       used 93718K, committed 94336K, reserved 1130496K
  class space    used 12819K, committed 13120K, reserved 1048576K
}
Event: 13.601 GC heap after
{Heap after GC invocations=31 (full 0):
 garbage-first heap   total 174080K, used 80315K [0x0000000080000000, 0x0000000100000000)
  region size 1024K, 9 young (9216K), 9 survivors (9216K)
 Metaspace       used 93718K, committed 94336K, reserved 1130496K
  class space    used 12819K, committed 13120K, reserved 1048576K
}
Event: 14.183 GC heap before
{Heap before GC invocations=31 (full 0):
 garbage-first heap   total 174080K, used 139707K [0x0000000080000000, 0x0000000100000000)
  region size 1024K, 67 young (68608K), 9 survivors (9216K)
 Metaspace       used 95188K, committed 95872K, reserved 1138688K
  class space    used 13066K, committed 13376K, reserved 1048576K
}
Event: 14.196 GC heap after
{Heap after GC invocations=32 (full 0):
 garbage-first heap   total 174080K, used 89841K [0x0000000080000000, 0x0000000100000000)
  region size 1024K, 9 young (9216K), 9 survivors (9216K)
 Metaspace       used 95188K, committed 95872K, reserved 1138688K
  class space    used 13066K, committed 13376K, reserved 1048576K
}
Event: 14.956 GC heap before
{Heap before GC invocations=32 (full 0):
 garbage-first heap   total 174080K, used 138993K [0x0000000080000000, 0x0000000100000000)
  region size 1024K, 58 young (59392K), 9 survivors (9216K)
 Metaspace       used 96130K, committed 96832K, reserved 1138688K
  class space    used 13231K, committed 13568K, reserved 1048576K
}
Event: 14.967 GC heap after
{Heap after GC invocations=33 (full 0):
 garbage-first heap   total 174080K, used 94815K [0x0000000080000000, 0x0000000100000000)
  region size 1024K, 5 young (5120K), 5 survivors (5120K)
 Metaspace       used 96130K, committed 96832K, reserved 1138688K
  class space    used 13231K, committed 13568K, reserved 1048576K
}
Event: 16.217 GC heap before
{Heap before GC invocations=34 (full 0):
 garbage-first heap   total 174080K, used 141919K [0x0000000080000000, 0x0000000100000000)
  region size 1024K, 51 young (52224K), 5 survivors (5120K)
 Metaspace       used 99850K, committed 100544K, reserved 1138688K
  class space    used 13629K, committed 14016K, reserved 1048576K
}
Event: 16.226 GC heap after
{Heap after GC invocations=35 (full 0):
 garbage-first heap   total 174080K, used 101609K [0x0000000080000000, 0x0000000100000000)
  region size 1024K, 7 young (7168K), 7 survivors (7168K)
 Metaspace       used 99850K, committed 100544K, reserved 1138688K
  class space    used 13629K, committed 14016K, reserved 1048576K
}
Event: 16.245 GC heap before
{Heap before GC invocations=35 (full 0):
 garbage-first heap   total 174080K, used 102633K [0x0000000080000000, 0x0000000100000000)
  region size 1024K, 8 young (8192K), 7 survivors (7168K)
 Metaspace       used 99855K, committed 100608K, reserved 1138688K
  class space    used 13629K, committed 14016K, reserved 1048576K
}
Event: 16.250 GC heap after
{Heap after GC invocations=36 (full 0):
 garbage-first heap   total 174080K, used 102031K [0x0000000080000000, 0x0000000100000000)
  region size 1024K, 1 young (1024K), 1 survivors (1024K)
 Metaspace       used 99855K, committed 100608K, reserved 1138688K
  class space    used 13629K, committed 14016K, reserved 1048576K
}
Event: 16.318 GC heap before
{Heap before GC invocations=36 (full 0):
 garbage-first heap   total 174080K, used 107151K [0x0000000080000000, 0x0000000100000000)
  region size 1024K, 7 young (7168K), 1 survivors (1024K)
 Metaspace       used 99895K, committed 100672K, reserved 1138688K
  class space    used 13629K, committed 14016K, reserved 1048576K
}
Event: 16.320 GC heap after
{Heap after GC invocations=37 (full 0):
 garbage-first heap   total 174080K, used 103696K [0x0000000080000000, 0x0000000100000000)
  region size 1024K, 3 young (3072K), 3 survivors (3072K)
 Metaspace       used 99895K, committed 100672K, reserved 1138688K
  class space    used 13629K, committed 14016K, reserved 1048576K
}
Event: 16.786 GC heap before
{Heap before GC invocations=38 (full 0):
 garbage-first heap   total 206848K, used 144656K [0x0000000080000000, 0x0000000100000000)
  region size 1024K, 34 young (34816K), 3 survivors (3072K)
 Metaspace       used 100239K, committed 100992K, reserved 1138688K
  class space    used 13662K, committed 14016K, reserved 1048576K
}
Event: 16.798 GC heap after
{Heap after GC invocations=39 (full 0):
 garbage-first heap   total 206848K, used 121968K [0x0000000080000000, 0x0000000100000000)
  region size 1024K, 5 young (5120K), 5 survivors (5120K)
 Metaspace       used 100239K, committed 100992K, reserved 1138688K
  class space    used 13662K, committed 14016K, reserved 1048576K
}
Event: 16.948 GC heap before
{Heap before GC invocations=39 (full 0):
 garbage-first heap   total 206848K, used 127088K [0x0000000080000000, 0x0000000100000000)
  region size 1024K, 10 young (10240K), 5 survivors (5120K)
 Metaspace       used 100464K, committed 101184K, reserved 1138688K
  class space    used 13677K, committed 14016K, reserved 1048576K
}

