# JRE version: OpenJDK Runtime Environment (17.0.6) (build 17.0.6+0-b2043.56-10027231)
# Java VM: OpenJDK 64-Bit Server VM (17.0.6+0-b2043.56-10027231, mixed mode, tiered, compressed oops, compressed class ptrs, g1 gc, windows-amd64)
GC Precious Log:
 CPUs: 8 total, 8 available
 Memory: 12037M
 Large Page Support: Disabled
 NUMA Support: Disabled
 Compressed Oops: Enabled (32-bit)
 Heap Region Size: 1M
 Heap Min Capacity: 8M
 Heap Initial Capacity: 190M
 Heap Max Capacity: 2G
 Pre-touch: Disabled
 Parallel Workers: 8
 Concurrent Workers: 2
 Concurrent Refinement Workers: 8
 Periodic GC: Disabled
Heap:
 garbage-first heap   total 320512K, used 177325K [0x0000000080000000, 0x0000000100000000)
  region size 1024K, 50 young (51200K), 2 survivors (2048K)
 Metaspace       used 106897K, committed 107584K, reserved 1146880K
  class space    used 14381K, committed 14720K, reserved 1048576K
GC Heap History (20 events):
Event: 12.884 GC heap before
{Heap before GC invocations=36 (full 0):
 garbage-first heap   total 159744K, used 128557K [0x0000000080000000, 0x0000000100000000)
  region size 1024K, 59 young (60416K), 8 survivors (8192K)
 Metaspace       used 93693K, committed 94336K, reserved 1130496K
  class space    used 12824K, committed 13120K, reserved 1048576K
}
Event: 12.894 GC heap after
{Heap after GC invocations=37 (full 0):
 garbage-first heap   total 159744K, used 82059K [0x0000000080000000, 0x0000000100000000)
  region size 1024K, 8 young (8192K), 8 survivors (8192K)
 Metaspace       used 93693K, committed 94336K, reserved 1130496K
  class space    used 12824K, committed 13120K, reserved 1048576K
}
Event: 13.451 GC heap before
{Heap before GC invocations=37 (full 0):
 garbage-first heap   total 159744K, used 129163K [0x0000000080000000, 0x0000000100000000)
  region size 1024K, 54 young (55296K), 8 survivors (8192K)
 Metaspace       used 95122K, committed 95808K, reserved 1138688K
  class space    used 13069K, committed 13376K, reserved 1048576K
}
Event: 13.463 GC heap after
{Heap after GC invocations=38 (full 0):
 garbage-first heap   total 159744K, used 89570K [0x0000000080000000, 0x0000000100000000)
  region size 1024K, 7 young (7168K), 7 survivors (7168K)
 Metaspace       used 95122K, committed 95808K, reserved 1138688K
  class space    used 13069K, committed 13376K, reserved 1048576K
}
Event: 14.028 GC heap before
{Heap before GC invocations=39 (full 0):
 garbage-first heap   total 159744K, used 130530K [0x0000000080000000, 0x0000000100000000)
  region size 1024K, 47 young (48128K), 7 survivors (7168K)
 Metaspace       used 95936K, committed 96704K, reserved 1138688K
  class space    used 13220K, committed 13568K, reserved 1048576K
}
Event: 14.037 GC heap after
{Heap after GC invocations=40 (full 0):
 garbage-first heap   total 159744K, used 93540K [0x0000000080000000, 0x0000000100000000)
  region size 1024K, 4 young (4096K), 4 survivors (4096K)
 Metaspace       used 95936K, committed 96704K, reserved 1138688K
  class space    used 13220K, committed 13568K, reserved 1048576K
}
Event: 14.074 GC heap before
{Heap before GC invocations=40 (full 0):
 garbage-first heap   total 159744K, used 95588K [0x0000000080000000, 0x0000000100000000)
  region size 1024K, 7 young (7168K), 4 survivors (4096K)
 Metaspace       used 95966K, committed 96704K, reserved 1138688K
  class space    used 13220K, committed 13568K, reserved 1048576K
}
Event: 14.078 GC heap after
{Heap after GC invocations=41 (full 0):
 garbage-first heap   total 159744K, used 93263K [0x0000000080000000, 0x0000000100000000)
  region size 1024K, 1 young (1024K), 1 survivors (1024K)
 Metaspace       used 95966K, committed 96704K, reserved 1138688K
  class space    used 13220K, committed 13568K, reserved 1048576K
}
Event: 14.401 GC heap before
{Heap before GC invocations=41 (full 0):
 garbage-first heap   total 159744K, used 111695K [0x0000000080000000, 0x0000000100000000)
  region size 1024K, 21 young (21504K), 1 survivors (1024K)
 Metaspace       used 96487K, committed 97152K, reserved 1138688K
  class space    used 13307K, committed 13632K, reserved 1048576K
}
Event: 14.404 GC heap after
{Heap after GC invocations=42 (full 0):
 garbage-first heap   total 159744K, used 94628K [0x0000000080000000, 0x0000000100000000)
  region size 1024K, 2 young (2048K), 2 survivors (2048K)
 Metaspace       used 96487K, committed 97152K, reserved 1138688K
  class space    used 13307K, committed 13632K, reserved 1048576K
}
Event: 15.440 GC heap before
{Heap before GC invocations=43 (full 0):
 garbage-first heap   total 163840K, used 132516K [0x0000000080000000, 0x0000000100000000)
  region size 1024K, 39 young (39936K), 2 survivors (2048K)
 Metaspace       used 99797K, committed 100480K, reserved 1138688K
  class space    used 13614K, committed 13952K, reserved 1048576K
}
Event: 15.446 GC heap after
{Heap after GC invocations=44 (full 0):
 garbage-first heap   total 163840K, used 101370K [0x0000000080000000, 0x0000000100000000)
  region size 1024K, 5 young (5120K), 5 survivors (5120K)
 Metaspace       used 99797K, committed 100480K, reserved 1138688K
  class space    used 13614K, committed 13952K, reserved 1048576K
}
Event: 15.474 GC heap before
{Heap before GC invocations=44 (full 0):
 garbage-first heap   total 163840K, used 113658K [0x0000000080000000, 0x0000000100000000)
  region size 1024K, 8 young (8192K), 5 survivors (5120K)
 Metaspace       used 99806K, committed 100480K, reserved 1138688K
  class space    used 13614K, committed 13952K, reserved 1048576K
}
Event: 15.481 GC heap after
{Heap after GC invocations=45 (full 0):
 garbage-first heap   total 163840K, used 106306K [0x0000000080000000, 0x0000000100000000)
  region size 1024K, 1 young (1024K), 1 survivors (1024K)
 Metaspace       used 99806K, committed 100480K, reserved 1138688K
  class space    used 13614K, committed 13952K, reserved 1048576K
}
Event: 15.857 GC heap before
{Heap before GC invocations=45 (full 0):
 garbage-first heap   total 163840K, used 131906K [0x0000000080000000, 0x0000000100000000)
  region size 1024K, 27 young (27648K), 1 survivors (1024K)
 Metaspace       used 100101K, committed 100800K, reserved 1138688K
  class space    used 13644K, committed 14016K, reserved 1048576K
}
Event: 15.868 GC heap after
{Heap after GC invocations=46 (full 0):
 garbage-first heap   total 320512K, used 119188K [0x0000000080000000, 0x0000000100000000)
  region size 1024K, 4 young (4096K), 4 survivors (4096K)
 Metaspace       used 100101K, committed 100800K, reserved 1138688K
  class space    used 13644K, committed 14016K, reserved 1048576K
}
Event: 17.458 GC heap before
{Heap before GC invocations=47 (full 0):
 garbage-first heap   total 320512K, used 225684K [0x0000000080000000, 0x0000000100000000)
  region size 1024K, 83 young (84992K), 4 survivors (4096K)
 Metaspace       used 103496K, committed 104256K, reserved 1146880K
  class space    used 14057K, committed 14464K, reserved 1048576K
}
Event: 17.473 GC heap after
{Heap after GC invocations=48 (full 0):
 garbage-first heap   total 320512K, used 128451K [0x0000000080000000, 0x0000000100000000)
  region size 1024K, 11 young (11264K), 11 survivors (11264K)
 Metaspace       used 103496K, committed 104256K, reserved 1146880K
  class space    used 14057K, committed 14464K, reserved 1048576K
}
Event: 17.506 GC heap before
{Heap before GC invocations=48 (full 0):
 garbage-first heap   total 320512K, used 131523K [0x0000000080000000, 0x0000000100000000)
  region size 1024K, 15 young (15360K), 11 survivors (11264K)
 Metaspace       used 103752K, committed 104512K, reserved 1146880K
  class space    used 14085K, committed 14464K, reserved 1048576K
}
Event: 17.516 GC heap after
{Heap after GC invocations=49 (full 0):
 garbage-first heap   total 320512K, used 130221K [0x0000000080000000, 0x0000000100000000)
  region size 1024K, 2 young (2048K), 2 survivors (2048K)
 Metaspace       used 103752K, committed 104512K, reserved 1146880K
  class space    used 14085K, committed 14464K, reserved 1048576K
}

